<?xml version="1.0" encoding="UTF-8"?>
<!-- Generated by org.testng.reporters.JUnitReportReporter -->
<testsuite skipped="0" hostname="DESKTOP-ED687FN" name="Test02_GET" tests="1" failures="0" timestamp="2021-03-17T07:45:43 IST" time="7.810" errors="0">
  <testcase name="test_1" time="7.810" classname="Test02_GET"/>
  <system-out/>
</testsuite> <!-- Test02_GET -->
