<?xml version="1.0" encoding="UTF-8"?>
<!-- Generated by org.testng.reporters.JUnitReportReporter -->
<testsuite skipped="0" hostname="DESKTOP-ED687FN" name="ReqresTestGet" tests="1" failures="0" timestamp="2021-03-25T17:02:00 IST" time="15.911" errors="0">
  <testcase name="reqresWithoutBDDApproach" time="15.911" classname="ReqresTestGet"/>
  <system-out/>
</testsuite> <!-- ReqresTestGet -->
