<?xml version="1.0" encoding="UTF-8"?>
<!-- Generated by org.testng.reporters.JUnitReportReporter -->
<testsuite skipped="0" hostname="DESKTOP-ED687FN" name="Test01_GET" tests="1" failures="0" timestamp="2021-03-16T08:20:34 IST" time="6.834" errors="0">
  <testcase name="test_01" time="6.834" classname="Test01_GET"/>
  <system-out/>
</testsuite> <!-- Test01_GET -->
